<?xml version="1.0" encoding="UTF-8"?>
<!-- Generated by org.testng.reporters.JUnitReportReporter -->
<testsuite hostname="USMUMNIKLAD1" failures="0" tests="1" name="SalesforceAutomation.SalesforceAutomationArtifact.ValidateRecordInAccountsObject" time="4.731" errors="0" timestamp="2022-07-18T10:39:28 IST" skipped="0">
  <testcase classname="SalesforceAutomation.SalesforceAutomationArtifact.ValidateRecordInAccountsObject" name="testAccountRecordValidation" time="4.731"/>
  <system-out/>
</testsuite> <!-- SalesforceAutomation.SalesforceAutomationArtifact.ValidateRecordInAccountsObject -->
