<?xml version="1.0" encoding="UTF-8"?>
<!-- Generated by org.testng.reporters.JUnitReportReporter -->
<testsuite hostname="USMUMNIKLAD1" failures="0" tests="1" name="SalesforceAutomation.SalesforceAutomationArtifact.CreateRecordInAccountObjectTest" time="13.796" errors="0" timestamp="2022-07-21T23:17:11 IST" skipped="0">
  <testcase classname="SalesforceAutomation.SalesforceAutomationArtifact.CreateRecordInAccountObjectTest" name="testRecordCreationInAccountObject" time="13.796"/>
  <system-out/>
</testsuite> <!-- SalesforceAutomation.SalesforceAutomationArtifact.CreateRecordInAccountObjectTest -->
