<?xml version="1.0" encoding="UTF-8"?>
<!-- Generated by org.testng.reporters.JUnitReportReporter -->
<testsuite hostname="USMUMNIKLAD1" failures="0" tests="1" name="SalesforceAutomation.SalesforceAutomationArtifact.CreatObjectInSalesforce" time="43.646" errors="0" timestamp="2022-07-14T13:52:46 IST" skipped="0">
  <testcase classname="SalesforceAutomation.SalesforceAutomationArtifact.CreatObjectInSalesforce" name="createCustomObject" time="43.646"/>
  <system-out/>
</testsuite> <!-- SalesforceAutomation.SalesforceAutomationArtifact.CreatObjectInSalesforce -->
