<?xml version="1.0" encoding="UTF-8"?>
<!-- Generated by org.testng.reporters.JUnitReportReporter -->
<testsuite hostname="USMUMNIKLAD1" failures="0" tests="1" name="SalesforceAutomation.SalesforceAutomationArtifact.SalesforcLoginTest" time="0.185" errors="0" timestamp="2022-07-13T11:25:38 IST" skipped="0">
  <testcase classname="SalesforceAutomation.SalesforceAutomationArtifact.SalesforcLoginTest" name="testLogin" time="0.185"/>
  <system-out/>
</testsuite> <!-- SalesforceAutomation.SalesforceAutomationArtifact.SalesforcLoginTest -->
