<?xml version="1.0" encoding="UTF-8"?>
<!-- Generated by org.testng.reporters.JUnitReportReporter -->
<testsuite skipped="0" hostname="USMUMNIKLAD1" name="SalesforceAutomation.SalesforceAutomationArtifact.CreateRecordInAccountObjectTest" tests="1" failures="0" timestamp="2022-07-22T12:19:05 IST" time="14.634" errors="0">
  <testcase name="testRecordCreationInAccountObject" time="14.634" classname="SalesforceAutomation.SalesforceAutomationArtifact.CreateRecordInAccountObjectTest"/>
  <system-out/>
</testsuite> <!-- SalesforceAutomation.SalesforceAutomationArtifact.CreateRecordInAccountObjectTest -->
